<?xml version="1.0" encoding="UTF-8"?>
<!-- Generated by org.testng.reporters.JUnitReportReporter -->
<testsuite hostname="QT-INBG-LT0920" failures="0" tests="1" name="baseClass.PrimeRunner" time="2.279" errors="0" timestamp="2023-09-21T21:17:00 IST" skipped="0">
  <testcase classname="baseClass.PrimeRunner" name="show" time="2.279"/>
</testsuite> <!-- baseClass.PrimeRunner -->
