<?xml version="1.0" encoding="UTF-8"?>
<!-- Generated by org.testng.reporters.JUnitReportReporter -->
<testsuite hostname="QT-INBG-LT0920" failures="0" tests="1" name="excelReader.Amazonexcelreader" time="0.782" errors="0" timestamp="2023-09-15T17:54:01 IST" skipped="0">
  <testcase classname="excelReader.Amazonexcelreader" name="dataRead" time="0.782"/>
</testsuite> <!-- excelReader.Amazonexcelreader -->
