<?xml version="1.0" encoding="UTF-8"?>
<!-- Generated by org.testng.reporters.JUnitReportReporter -->
<testsuite hostname="QT-INBG-LT0920" failures="0" tests="1" name="baseClass.MobileRunner" time="16.663" errors="0" timestamp="2023-09-21T21:17:00 IST" skipped="0">
  <testcase classname="baseClass.MobileRunner" name="mobileshere" time="16.663"/>
</testsuite> <!-- baseClass.MobileRunner -->
