<?xml version="1.0" encoding="UTF-8"?>
<!-- Generated by org.testng.reporters.JUnitReportReporter -->
<testsuite hostname="QT-INBG-LT0920" failures="0" tests="1" name="mainrunnerutilities.PrimeRunner" time="4.088" errors="0" timestamp="2023-10-04T12:17:00 IST" skipped="0">
  <testcase classname="mainrunnerutilities.PrimeRunner" name="show" time="4.088"/>
</testsuite> <!-- mainrunnerutilities.PrimeRunner -->
