<?xml version="1.0" encoding="UTF-8"?>
<!-- Generated by org.testng.reporters.JUnitReportReporter -->
<testsuite hostname="QT-INBG-LT0920" failures="0" tests="4" name="baseClass.BaseRunner" time="51.942" errors="0" timestamp="2023-09-20T12:52:15 IST" skipped="0">
  <testcase classname="baseClass.BaseRunner" name="search_sony55" time="14.042"/>
  <testcase classname="baseClass.BaseRunner" name="search_Iphone" time="13.387"/>
  <testcase classname="baseClass.BaseRunner" name="search_sony65" time="12.356"/>
  <testcase classname="baseClass.BaseRunner" name="search_NokiaTV" time="12.157"/>
</testsuite> <!-- baseClass.BaseRunner -->
