<?xml version="1.0" encoding="UTF-8"?>
<!-- Generated by org.testng.reporters.JUnitReportReporter -->
<testsuite hostname="QT-INBG-LT0920" failures="0" tests="4" name="mainrunnerutilities.SearchingProduct" time="92.345" errors="0" timestamp="2023-10-04T12:17:00 IST" skipped="0">
  <testcase classname="mainrunnerutilities.SearchingProduct" name="searchSony55" time="27.380"/>
  <testcase classname="mainrunnerutilities.SearchingProduct" name="searchIphone" time="22.004"/>
  <testcase classname="mainrunnerutilities.SearchingProduct" name="searchSony65" time="20.143"/>
  <testcase classname="mainrunnerutilities.SearchingProduct" name="searchNokiaTV" time="22.818"/>
</testsuite> <!-- mainrunnerutilities.SearchingProduct -->
