<?xml version="1.0" encoding="UTF-8"?>
<!-- Generated by org.testng.reporters.JUnitReportReporter -->
<testsuite hostname="QT-INBG-LT0920" failures="0" tests="4" name="baseClass.SearchingProduct" time="51.169" errors="0" timestamp="2023-09-22T12:07:37 IST" skipped="0">
  <testcase classname="baseClass.SearchingProduct" name="searchSony55" time="16.673"/>
  <testcase classname="baseClass.SearchingProduct" name="searchIphone" time="14.560"/>
  <testcase classname="baseClass.SearchingProduct" name="searchSony65" time="10.869"/>
  <testcase classname="baseClass.SearchingProduct" name="searchNokiaTV" time="9.067"/>
</testsuite> <!-- baseClass.SearchingProduct -->
